build/app/intermediates/manifest_merge_blame_file/debug/manifest-merger-blame-debug-report.txt
1<?xml version="1.0" encoding="utf-8"?>
2<manifest xmlns:android="http://schemas.android.com/apk/res/android"
3    package="com.example.uhf_bt"
4    android:versionCode="1"
5    android:versionName="1.0.0" >
6
7    <uses-sdk
7-->src\main\AndroidManifest.xml:2:1-39
8        android:minSdkVersion="19"
8-->src\main\AndroidManifest.xml:2:11-36
9        android:targetSdkVersion="31" />
10    <!--
11         The INTERNET permission is required for development. Specifically,
12         the Flutter tool needs it to communicate with the running application
13         to allow setting breakpoints, to provide hot reload, etc.
14    -->
15    <uses-permission android:name="android.permission.INTERNET" />
15-->src\debug\AndroidManifest.xml:6:5-66
15-->src\debug\AndroidManifest.xml:6:22-64
16    <!--
17     Required to query activities that can process text, see:
18         https://developer.android.com/training/package-visibility?hl=en and
19         https://developer.android.com/reference/android/content/Intent#ACTION_PROCESS_TEXT.
20
21         In particular, this is used by the Flutter engine in io.flutter.plugin.text.ProcessTextPlugin.
22    -->
23    <queries>
23-->src\main\AndroidManifest.xml:63:5-68:15
24        <intent>
24-->src\main\AndroidManifest.xml:64:9-67:18
25            <action android:name="android.intent.action.PROCESS_TEXT" />
25-->src\main\AndroidManifest.xml:65:13-72
25-->src\main\AndroidManifest.xml:65:21-70
26
27            <data android:mimeType="text/plain" />
27-->src\main\AndroidManifest.xml:66:13-50
27-->src\main\AndroidManifest.xml:66:19-48
28        </intent>
29    </queries>
30
31    <uses-permission android:name="android.permission.ACCESS_NETWORK_STATE" />
31-->[DeviceAPI_ver20231208_release.aar] AndroidManifest.xml:11:5-79
31-->[DeviceAPI_ver20231208_release.aar] AndroidManifest.xml:11:22-76
32    <uses-permission android:name="android.permission.BLUETOOTH_ADMIN" />
32-->[DeviceAPI_ver20231208_release.aar] AndroidManifest.xml:12:5-74
32-->[DeviceAPI_ver20231208_release.aar] AndroidManifest.xml:12:22-71
33    <uses-permission android:name="android.permission.CAMERA" />
33-->[DeviceAPI_ver20231208_release.aar] AndroidManifest.xml:13:5-65
33-->[DeviceAPI_ver20231208_release.aar] AndroidManifest.xml:13:22-62
34    <uses-permission android:name="android.permission.CHANGE_WIFI_STATE" />
34-->[DeviceAPI_ver20231208_release.aar] AndroidManifest.xml:14:5-76
34-->[DeviceAPI_ver20231208_release.aar] AndroidManifest.xml:14:22-73
35    <uses-permission android:name="android.permission.BLUETOOTH" />
35-->[no.nordicsemi.android:dfu:1.9.0] AndroidManifest.xml:11:5-68
35-->[no.nordicsemi.android:dfu:1.9.0] AndroidManifest.xml:11:22-65
36
37    <application
38        android:name="android.app.Application"
39        android:appComponentFactory="androidx.core.app.CoreComponentFactory"
39-->[androidx.core:core:1.6.0] AndroidManifest.xml:24:18-86
40        android:debuggable="true"
41        android:icon="@mipmap/ic_launcher"
42        android:label="uhf_bt" >
43        <activity
44            android:name="com.example.uhf_bt.MainActivity"
45            android:configChanges="orientation|keyboardHidden|keyboard|screenSize|smallestScreenSize|locale|layoutDirection|fontScale|screenLayout|density|uiMode"
46            android:exported="true"
47            android:hardwareAccelerated="true"
48            android:theme="@style/LaunchTheme"
49            android:windowSoftInputMode="adjustResize" >
50
51            <!--
52                 Specifies an Android theme to apply to this Activity as soon as
53                 the Android process has started. This theme is visible to the user
54                 while the Flutter UI initializes. After that, this theme continues
55                 to determine the Window background behind the Flutter UI.
56            -->
57            <meta-data
58                android:name="io.flutter.embedding.android.NormalTheme"
59                android:resource="@style/NormalTheme" />
60
61            <intent-filter>
62                <action android:name="android.intent.action.MAIN" />
63
64                <category android:name="android.intent.category.LAUNCHER" />
65            </intent-filter>
66        </activity>
67        <!--
68             Don't delete the meta-data below.
69             This is used by the Flutter tool to generate GeneratedPluginRegistrant.java
70        -->
71        <meta-data
72            android:name="flutterEmbedding"
73            android:value="2" />
74
75        <activity android:name="com.example.uhf_bt.ExtractDataActivity" />
76        <activity
77            android:name="com.example.uhf_bt.ChainwayActivity"
78            android:configChanges="orientation|screenSize"
79            android:exported="true"
80            android:label="@string/app_name"
81            android:theme="@style/Theme.AppCompat"
82            android:windowSoftInputMode="stateHidden|adjustResize" >
83
84            <!-- <intent-filter> -->
85            <!-- <action android:name="android.intent.action.MAIN" /> -->
86
87
88            <!-- <category android:name="android.intent.category.LAUNCHER" /> -->
89            <!-- </intent-filter> -->
90        </activity>
91        <activity android:name="com.example.uhf_bt.StartActivity" />
92        <activity
93            android:name="com.example.uhf_bt.DeviceListActivity"
94            android:theme="@style/Theme.AppCompat" />
95        <!-- android:theme="@style/AlertNoActionBar" -->
96        <activity
97            android:name="com.example.uhf_bt.filebrowser.FileManagerActivity"
98            android:configChanges="orientation|screenSize"
99            android:label="@string/app_name"
100            android:windowSoftInputMode="adjustUnspecified|stateHidden" />
101
102        <uses-library
102-->[androidx.window:window:1.0.0-beta04] AndroidManifest.xml:25:9-27:40
103            android:name="androidx.window.extensions"
103-->[androidx.window:window:1.0.0-beta04] AndroidManifest.xml:26:13-54
104            android:required="false" />
104-->[androidx.window:window:1.0.0-beta04] AndroidManifest.xml:27:13-37
105        <uses-library
105-->[androidx.window:window:1.0.0-beta04] AndroidManifest.xml:28:9-30:40
106            android:name="androidx.window.sidecar"
106-->[androidx.window:window:1.0.0-beta04] AndroidManifest.xml:29:13-51
107            android:required="false" />
107-->[androidx.window:window:1.0.0-beta04] AndroidManifest.xml:30:13-37
108    </application>
109
110</manifest>